Arguments: 
  /usr/local/bin/node /usr/local/Cellar/yarn/1.22.17_2/libexec/bin/yarn.js add update-badge

PATH: 
  /usr/local/opt/libpq/bin:/usr/local/opt/libpq/bin:/usr/local/bin:/usr/bin:/bin:/usr/sbin:/sbin:/usr/local/opt/libpq/bin:/Users/denisniwemugisha/.sdkman/candidates/java/current/bin

Yarn version: 
  1.22.17

Node version: 
  18.13.0

Platform: 
  darwin x64

Trace: 
  Error: https://registry.yarnpkg.com/update-badge: Not found
      at params.callback [as _callback] (/usr/local/Cellar/yarn/1.22.17_2/libexec/lib/cli.js:67029:18)
      at self.callback (/usr/local/Cellar/yarn/1.22.17_2/libexec/lib/cli.js:140883:22)
      at Request.emit (node:events:513:28)
      at Request.<anonymous> (/usr/local/Cellar/yarn/1.22.17_2/libexec/lib/cli.js:141855:10)
      at Request.emit (node:events:513:28)
      at IncomingMessage.<anonymous> (/usr/local/Cellar/yarn/1.22.17_2/libexec/lib/cli.js:141777:12)
      at Object.onceWrapper (node:events:627:28)
      at IncomingMessage.emit (node:events:525:35)
      at endReadableNT (node:internal/streams/readable:1359:12)
      at process.processTicksAndRejections (node:internal/process/task_queues:82:21)

npm manifest: 
  {
    "name": "mybrand-nodejs-api-s",
    "version": "1.0.0",
    "description": "new repository for storing api's with different branches",
    "main": "server.js",
    "scripts": {
      "build": "babel src -d dist",
      "dev": "npm run build && nodemon --exec babel-node src/server.js",
      "start": "node dist/server.js",
      "test": "nyc --reporter=text --reporter=html --reporter=json-summary mocha --recursive --exit --timeout 6000 --require @babel/register test/*.js",
      "coverage": "nyc --reporter=html --report -dir=coverage/ npm run test"
    },
    "repository": {
      "type": "git",
      "url": "git+https://github.com/BenoitIT/mybrand-nodejs-Api-s.git"
    },
    "author": "benoit",
    "license": "ISC",
    "bugs": {
      "url": "https://github.com/BenoitIT/mybrand-nodejs-Api-s/issues"
    },
    "homepage": "https://github.com/BenoitIT/mybrand-nodejs-Api-s#readme",
    "dependencies": {
      "@babel/node": "^7.20.7",
      "@babel/preset-env": "^7.20.2",
      "badge-registry": "^0.0.0",
      "bcrypt": "^5.1.0",
      "body-parser": "^1.20.1",
      "chai": "^4.3.7",
      "chai-http": "^4.3.0",
      "cloudinary": "^1.33.0",
      "default-require-extensions": "^3.0.1",
      "dotenv": "^16.0.3",
      "express": "^4.18.2",
      "i": "^0.3.7",
      "joi": "^17.7.0",
      "jsend-express": "^1.2.4",
      "jsonwebtoken": "^9.0.0",
      "lodash": "^4.17.21",
      "mocha": "^10.2.0",
      "mongodb": "^4.13.0",
      "mongoose": "^6.8.3",
      "mongoose-type-url": "^2.1.0",
      "multer": "^1.4.5-lts.1",
      "npm": "^9.3.1",
      "npx": "^10.2.2",
      "nyc": "^15.1.0",
      "sinon": "^15.0.1",
      "swagger-jsdoc": "^6.2.8",
      "swagger-ui-express": "^4.6.0"
    },
    "devDependencies": {
      "@babel/cli": "^7.20.7",
      "@babel/core": "^7.20.12",
      "@babel/register": "^7.18.9",
      "eslint": "^8.32.0",
      "eslint-config-airbnb-base": "^15.0.0",
      "eslint-plugin-import": "^2.27.4",
      "nodemon": "^2.0.20"
    }
  }

yarn manifest: 
  No manifest

Lockfile: 
  No lockfile
